2023-08-09 00:18:58.849 CEST [7640] LOG:  checkpoint starting: time
2023-08-09 00:18:59.636 CEST [7640] LOG:  checkpoint complete: wrote 8 buffers (0.0%); 0 WAL file(s) added, 0 removed, 0 recycled; write=0.765 s, sync=0.010 s, total=0.787 s; sync files=7, longest=0.003 s, average=0.002 s; distance=17 kB, estimate=1557 kB
2023-08-09 12:08:28.765 CEST [7640] LOG:  checkpoint starting: time
2023-08-09 12:08:29.435 CEST [7640] LOG:  checkpoint complete: wrote 7 buffers (0.0%); 0 WAL file(s) added, 0 removed, 0 recycled; write=0.638 s, sync=0.012 s, total=0.671 s; sync files=7, longest=0.003 s, average=0.002 s; distance=19 kB, estimate=1403 kB
2023-08-09 19:24:20.136 CEST [50108] LOG:  could not receive data from client: An existing connection was forcibly closed by the remote host.
	
2023-08-09 19:24:21.156 CEST [7640] LOG:  checkpoint starting: immediate force wait
2023-08-09 19:24:21.191 CEST [7640] LOG:  checkpoint complete: wrote 6 buffers (0.0%); 0 WAL file(s) added, 0 removed, 0 recycled; write=0.011 s, sync=0.007 s, total=0.037 s; sync files=6, longest=0.002 s, average=0.002 s; distance=4388 kB, estimate=4388 kB
2023-08-09 19:24:21.423 CEST [8124] FATAL:  database "prisma_migrate_shadow_db_2068b8b0-b30c-4d61-b7aa-440bd0670cbd" does not exist
2023-08-09 19:24:21.423 CEST [8124] DETAIL:  It seems to have just been dropped or renamed.
2023-08-09 19:24:21.992 CEST [7640] LOG:  checkpoint starting: immediate force wait
2023-08-09 19:24:22.015 CEST [7640] LOG:  checkpoint complete: wrote 4 buffers (0.0%); 0 WAL file(s) added, 0 removed, 0 recycled; write=0.006 s, sync=0.005 s, total=0.023 s; sync files=4, longest=0.002 s, average=0.002 s; distance=4389 kB, estimate=4389 kB
2023-08-09 19:24:22.721 CEST [7640] LOG:  checkpoint starting: immediate force wait
2023-08-09 19:24:22.741 CEST [7640] LOG:  checkpoint complete: wrote 4 buffers (0.0%); 0 WAL file(s) added, 0 removed, 0 recycled; write=0.005 s, sync=0.005 s, total=0.021 s; sync files=4, longest=0.002 s, average=0.002 s; distance=4389 kB, estimate=4389 kB
2023-08-09 19:24:23.523 CEST [7640] LOG:  checkpoint starting: immediate force wait
2023-08-09 19:24:23.556 CEST [7640] LOG:  checkpoint complete: wrote 4 buffers (0.0%); 0 WAL file(s) added, 0 removed, 1 recycled; write=0.008 s, sync=0.005 s, total=0.033 s; sync files=4, longest=0.003 s, average=0.002 s; distance=4389 kB, estimate=4389 kB
2023-08-09 19:24:24.033 CEST [30412] LOG:  could not receive data from client: An existing connection was forcibly closed by the remote host.
	
2023-08-09 19:27:51.122 CEST [43440] LOG:  invalid length of startup packet
2023-08-09 19:27:52.169 CEST [9100] LOG:  invalid length of startup packet
2023-08-09 19:27:52.208 CEST [50544] LOG:  invalid length of startup packet
2023-08-09 19:27:52.245 CEST [21080] LOG:  invalid length of startup packet
2023-08-09 19:27:53.050 CEST [51520] LOG:  invalid length of startup packet
2023-08-09 19:27:53.053 CEST [49632] LOG:  invalid length of startup packet
2023-08-09 19:27:53.090 CEST [28284] LOG:  invalid length of startup packet
2023-08-09 19:27:53.716 CEST [50204] LOG:  invalid length of startup packet
2023-08-09 19:27:53.722 CEST [46208] LOG:  invalid length of startup packet
2023-08-09 19:27:53.756 CEST [42532] LOG:  invalid length of startup packet
2023-08-09 19:29:23.572 CEST [7640] LOG:  checkpoint starting: time
2023-08-09 19:29:23.714 CEST [7640] LOG:  checkpoint complete: wrote 2 buffers (0.0%); 0 WAL file(s) added, 0 removed, 0 recycled; write=0.118 s, sync=0.007 s, total=0.143 s; sync files=2, longest=0.006 s, average=0.004 s; distance=0 kB, estimate=3950 kB
2023-08-09 20:20:21.505 CEST [40820] LOG:  invalid length of startup packet
2023-08-09 20:20:22.642 CEST [14428] LOG:  invalid length of startup packet
2023-08-09 20:20:22.689 CEST [24832] LOG:  invalid length of startup packet
2023-08-09 20:20:22.725 CEST [23364] LOG:  invalid length of startup packet
2023-08-09 20:20:27.790 CEST [52872] LOG:  invalid length of startup packet
2023-08-09 20:20:27.794 CEST [51804] LOG:  invalid length of startup packet
2023-08-09 20:20:27.833 CEST [52136] LOG:  invalid length of startup packet
2023-08-09 21:45:02.021 CEST [7640] LOG:  checkpoint starting: immediate force wait
2023-08-09 21:45:02.058 CEST [7640] LOG:  checkpoint complete: wrote 4 buffers (0.0%); 0 WAL file(s) added, 0 removed, 0 recycled; write=0.006 s, sync=0.006 s, total=0.038 s; sync files=4, longest=0.003 s, average=0.002 s; distance=4389 kB, estimate=4389 kB
2023-08-09 21:45:02.896 CEST [7640] LOG:  checkpoint starting: immediate force wait
2023-08-09 21:45:02.910 CEST [7640] LOG:  checkpoint complete: wrote 4 buffers (0.0%); 0 WAL file(s) added, 0 removed, 0 recycled; write=0.004 s, sync=0.003 s, total=0.014 s; sync files=4, longest=0.001 s, average=0.001 s; distance=4390 kB, estimate=4390 kB
2023-08-09 21:45:03.569 CEST [7640] LOG:  checkpoint starting: immediate force wait
2023-08-09 21:45:03.590 CEST [7640] LOG:  checkpoint complete: wrote 4 buffers (0.0%); 0 WAL file(s) added, 0 removed, 0 recycled; write=0.005 s, sync=0.005 s, total=0.021 s; sync files=4, longest=0.002 s, average=0.002 s; distance=4390 kB, estimate=4390 kB
2023-08-09 21:45:04.494 CEST [7640] LOG:  checkpoint starting: immediate force wait
2023-08-09 21:45:04.515 CEST [7640] LOG:  checkpoint complete: wrote 4 buffers (0.0%); 0 WAL file(s) added, 0 removed, 1 recycled; write=0.004 s, sync=0.004 s, total=0.021 s; sync files=4, longest=0.002 s, average=0.001 s; distance=4390 kB, estimate=4390 kB
2023-08-09 21:45:04.861 CEST [54680] LOG:  could not receive data from client: An existing connection was forcibly closed by the remote host.
	
2023-08-09 21:45:35.966 CEST [53632] LOG:  could not receive data from client: An established connection was aborted by the software in your host machine.
	
2023-08-09 21:45:36.657 CEST [7640] LOG:  checkpoint starting: immediate force wait
2023-08-09 21:45:36.677 CEST [7640] LOG:  checkpoint complete: wrote 4 buffers (0.0%); 0 WAL file(s) added, 0 removed, 0 recycled; write=0.004 s, sync=0.005 s, total=0.020 s; sync files=4, longest=0.002 s, average=0.002 s; distance=4391 kB, estimate=4391 kB
2023-08-09 21:45:37.613 CEST [7640] LOG:  checkpoint starting: immediate force wait
2023-08-09 21:45:37.646 CEST [7640] LOG:  checkpoint complete: wrote 4 buffers (0.0%); 0 WAL file(s) added, 0 removed, 0 recycled; write=0.008 s, sync=0.007 s, total=0.034 s; sync files=4, longest=0.003 s, average=0.002 s; distance=4391 kB, estimate=4391 kB
2023-08-09 21:45:38.501 CEST [7640] LOG:  checkpoint starting: immediate force wait
2023-08-09 21:45:38.525 CEST [7640] LOG:  checkpoint complete: wrote 4 buffers (0.0%); 0 WAL file(s) added, 0 removed, 1 recycled; write=0.006 s, sync=0.005 s, total=0.025 s; sync files=4, longest=0.002 s, average=0.001 s; distance=4391 kB, estimate=4391 kB
2023-08-09 21:46:27.393 CEST [7640] LOG:  checkpoint starting: immediate force wait
2023-08-09 21:46:27.415 CEST [7640] LOG:  checkpoint complete: wrote 4 buffers (0.0%); 0 WAL file(s) added, 0 removed, 0 recycled; write=0.005 s, sync=0.006 s, total=0.022 s; sync files=4, longest=0.003 s, average=0.002 s; distance=4392 kB, estimate=4392 kB
2023-08-09 21:46:27.763 CEST [48164] FATAL:  database "prisma_migrate_shadow_db_a77de392-40e4-49fb-872e-67fd56c23970" does not exist
2023-08-09 21:46:27.763 CEST [48164] DETAIL:  It seems to have just been dropped or renamed.
2023-08-09 21:46:27.794 CEST [32672] LOG:  could not receive data from client: An existing connection was forcibly closed by the remote host.
	
2023-08-09 21:51:27.423 CEST [7640] LOG:  checkpoint starting: time
2023-08-09 21:51:29.519 CEST [7640] LOG:  checkpoint complete: wrote 20 buffers (0.1%); 0 WAL file(s) added, 0 removed, 0 recycled; write=2.061 s, sync=0.016 s, total=2.096 s; sync files=16, longest=0.003 s, average=0.001 s; distance=50 kB, estimate=3957 kB
2023-08-09 23:12:59.164 CEST [7640] LOG:  checkpoint starting: time
2023-08-09 23:12:59.614 CEST [7640] LOG:  checkpoint complete: wrote 5 buffers (0.0%); 0 WAL file(s) added, 0 removed, 0 recycled; write=0.426 s, sync=0.008 s, total=0.451 s; sync files=4, longest=0.003 s, average=0.002 s; distance=23 kB, estimate=3564 kB
2023-08-10 15:37:45.514 CEST [53944] LOG:  invalid length of startup packet
2023-08-10 15:37:46.660 CEST [48792] LOG:  invalid length of startup packet
2023-08-10 15:37:46.703 CEST [47016] LOG:  invalid length of startup packet
2023-08-10 15:37:46.743 CEST [44964] LOG:  invalid length of startup packet
2023-08-10 15:37:51.834 CEST [28332] LOG:  invalid length of startup packet
2023-08-10 15:38:21.920 CEST [54000] LOG:  invalid length of startup packet
2023-08-10 15:39:22.004 CEST [30512] LOG:  invalid length of startup packet
